This is pdfTeX, Version 3.14159265-2.6-1.40.18 (TeX Live 2017/Debian) (preloaded format=pdflatex 2020.9.8)  7 MAY 2021 12:37
entering extended mode
 restricted \write18 enabled.
 %&-line parsing enabled.
**informe.tex
(./informe.tex
LaTeX2e <2017-04-15>
Babel <3.18> and hyphenation patterns for 6 language(s) loaded.
(/usr/share/texlive/texmf-dist/tex/latex/base/article.cls
Document Class: article 2014/09/29 v1.4h Standard LaTeX document class
(/usr/share/texlive/texmf-dist/tex/latex/base/size11.clo
File: size11.clo 2014/09/29 v1.4h Standard LaTeX file (size option)
)
\c@part=\count79
\c@section=\count80
\c@subsection=\count81
\c@subsubsection=\count82
\c@paragraph=\count83
\c@subparagraph=\count84
\c@figure=\count85
\c@table=\count86
\abovecaptionskip=\skip41
\belowcaptionskip=\skip42
\bibindent=\dimen102
)
(/usr/share/texlive/texmf-dist/tex/latex/graphics/graphicx.sty
Package: graphicx 2017/06/01 v1.1a Enhanced LaTeX Graphics (DPC,SPQR)

(/usr/share/texlive/texmf-dist/tex/latex/graphics/keyval.sty
Package: keyval 2014/10/28 v1.15 key=value parser (DPC)
\KV@toks@=\toks14
)
(/usr/share/texlive/texmf-dist/tex/latex/graphics/graphics.sty
Package: graphics 2017/06/25 v1.2c Standard LaTeX Graphics (DPC,SPQR)

(/usr/share/texlive/texmf-dist/tex/latex/graphics/trig.sty
Package: trig 2016/01/03 v1.10 sin cos tan (DPC)
)
(/usr/share/texlive/texmf-dist/tex/latex/graphics-cfg/graphics.cfg
File: graphics.cfg 2016/06/04 v1.11 sample graphics configuration
)
Package graphics Info: Driver file: pdftex.def on input line 99.

(/usr/share/texlive/texmf-dist/tex/latex/graphics-def/pdftex.def
File: pdftex.def 2018/01/08 v1.0l Graphics/color driver for pdftex
))
\Gin@req@height=\dimen103
\Gin@req@width=\dimen104
)
(/usr/share/texlive/texmf-dist/tex/latex/fancyhdr/fancyhdr.sty
Package: fancyhdr 2017/06/30 v3.9a Extensive control of page headers and footer
s
\f@nch@headwidth=\skip43
\f@nch@O@elh=\skip44
\f@nch@O@erh=\skip45
\f@nch@O@olh=\skip46
\f@nch@O@orh=\skip47
\f@nch@O@elf=\skip48
\f@nch@O@erf=\skip49
\f@nch@O@olf=\skip50
\f@nch@O@orf=\skip51
)
(/usr/share/texlive/texmf-dist/tex/latex/wrapfig/wrapfig.sty
\wrapoverhang=\dimen105
\WF@size=\dimen106
\c@WF@wrappedlines=\count87
\WF@box=\box26
\WF@everypar=\toks15
Package: wrapfig 2003/01/31  v 3.6
)
(/usr/share/texlive/texmf-dist/tex/latex/hyperref/hyperref.sty
Package: hyperref 2018/02/06 v6.86b Hypertext links for LaTeX

(/usr/share/texlive/texmf-dist/tex/generic/oberdiek/hobsub-hyperref.sty
Package: hobsub-hyperref 2016/05/16 v1.14 Bundle oberdiek, subset hyperref (HO)


(/usr/share/texlive/texmf-dist/tex/generic/oberdiek/hobsub-generic.sty
Package: hobsub-generic 2016/05/16 v1.14 Bundle oberdiek, subset generic (HO)
Package: hobsub 2016/05/16 v1.14 Construct package bundles (HO)
Package: infwarerr 2016/05/16 v1.4 Providing info/warning/error messages (HO)
Package: ltxcmds 2016/05/16 v1.23 LaTeX kernel commands for general use (HO)
Package: ifluatex 2016/05/16 v1.4 Provides the ifluatex switch (HO)
Package ifluatex Info: LuaTeX not detected.
Package: ifvtex 2016/05/16 v1.6 Detect VTeX and its facilities (HO)
Package ifvtex Info: VTeX not detected.
Package: intcalc 2016/05/16 v1.2 Expandable calculations with integers (HO)
Package: ifpdf 2017/03/15 v3.2 Provides the ifpdf switch
Package: etexcmds 2016/05/16 v1.6 Avoid name clashes with e-TeX commands (HO)
Package etexcmds Info: Could not find \expanded.
(etexcmds)             That can mean that you are not using pdfTeX 1.50 or
(etexcmds)             that some package has redefined \expanded.
(etexcmds)             In the latter case, load this package earlier.
Package: kvsetkeys 2016/05/16 v1.17 Key value parser (HO)
Package: kvdefinekeys 2016/05/16 v1.4 Define keys (HO)
Package: pdftexcmds 2018/01/21 v0.26 Utility functions of pdfTeX for LuaTeX (HO
)
Package pdftexcmds Info: LuaTeX not detected.
Package pdftexcmds Info: \pdf@primitive is available.
Package pdftexcmds Info: \pdf@ifprimitive is available.
Package pdftexcmds Info: \pdfdraftmode found.
Package: pdfescape 2016/05/16 v1.14 Implements pdfTeX's escape features (HO)
Package: bigintcalc 2016/05/16 v1.4 Expandable calculations on big integers (HO
)
Package: bitset 2016/05/16 v1.2 Handle bit-vector datatype (HO)
Package: uniquecounter 2016/05/16 v1.3 Provide unlimited unique counter (HO)
)
Package hobsub Info: Skipping package `hobsub' (already loaded).
Package: letltxmacro 2016/05/16 v1.5 Let assignment for LaTeX macros (HO)
Package: hopatch 2016/05/16 v1.3 Wrapper for package hooks (HO)
Package: xcolor-patch 2016/05/16 xcolor patch
Package: atveryend 2016/05/16 v1.9 Hooks at the very end of document (HO)
Package atveryend Info: \enddocument detected (standard20110627).
Package: atbegshi 2016/06/09 v1.18 At begin shipout hook (HO)
Package: refcount 2016/05/16 v3.5 Data extraction from label references (HO)
Package: hycolor 2016/05/16 v1.8 Color options for hyperref/bookmark (HO)
)
(/usr/share/texlive/texmf-dist/tex/generic/ifxetex/ifxetex.sty
Package: ifxetex 2010/09/12 v0.6 Provides ifxetex conditional
)
(/usr/share/texlive/texmf-dist/tex/latex/oberdiek/auxhook.sty
Package: auxhook 2016/05/16 v1.4 Hooks for auxiliary files (HO)
)
(/usr/share/texlive/texmf-dist/tex/latex/oberdiek/kvoptions.sty
Package: kvoptions 2016/05/16 v3.12 Key value format for package options (HO)
)
\@linkdim=\dimen107
\Hy@linkcounter=\count88
\Hy@pagecounter=\count89

(/usr/share/texlive/texmf-dist/tex/latex/hyperref/pd1enc.def
File: pd1enc.def 2018/02/06 v6.86b Hyperref: PDFDocEncoding definition (HO)
)
\Hy@SavedSpaceFactor=\count90

(/usr/share/texlive/texmf-dist/tex/latex/latexconfig/hyperref.cfg
File: hyperref.cfg 2002/06/06 v1.2 hyperref configuration of TeXLive
)
Package hyperref Info: Hyper figures OFF on input line 4509.
Package hyperref Info: Link nesting OFF on input line 4514.
Package hyperref Info: Hyper index ON on input line 4517.
Package hyperref Info: Plain pages OFF on input line 4524.
Package hyperref Info: Backreferencing OFF on input line 4529.
Package hyperref Info: Implicit mode ON; LaTeX internals redefined.
Package hyperref Info: Bookmarks ON on input line 4762.
\c@Hy@tempcnt=\count91

(/usr/share/texlive/texmf-dist/tex/latex/url/url.sty
\Urlmuskip=\muskip10
Package: url 2013/09/16  ver 3.4  Verb mode for urls, etc.
)
LaTeX Info: Redefining \url on input line 5115.
\XeTeXLinkMargin=\dimen108
\Fld@menulength=\count92
\Field@Width=\dimen109
\Fld@charsize=\dimen110
Package hyperref Info: Hyper figures OFF on input line 6369.
Package hyperref Info: Link nesting OFF on input line 6374.
Package hyperref Info: Hyper index ON on input line 6377.
Package hyperref Info: backreferencing OFF on input line 6384.
Package hyperref Info: Link coloring OFF on input line 6389.
Package hyperref Info: Link coloring with OCG OFF on input line 6394.
Package hyperref Info: PDF/A mode OFF on input line 6399.
LaTeX Info: Redefining \ref on input line 6439.
LaTeX Info: Redefining \pageref on input line 6443.
\Hy@abspage=\count93
\c@Item=\count94
\c@Hfootnote=\count95
)
Package hyperref Info: Driver (autodetected): hpdftex.

(/usr/share/texlive/texmf-dist/tex/latex/hyperref/hpdftex.def
File: hpdftex.def 2018/02/06 v6.86b Hyperref driver for pdfTeX
\Fld@listcount=\count96
\c@bookmark@seq@number=\count97

(/usr/share/texlive/texmf-dist/tex/latex/oberdiek/rerunfilecheck.sty
Package: rerunfilecheck 2016/05/16 v1.8 Rerun checks for auxiliary files (HO)
Package uniquecounter Info: New unique counter `rerunfilecheck' on input line 2
82.
)
\Hy@SectionHShift=\skip52
)
(/usr/share/texlive/texmf-dist/tex/latex/tools/tabularx.sty
Package: tabularx 2016/02/03 v2.11 `tabularx' package (DPC)

(/usr/share/texlive/texmf-dist/tex/latex/tools/array.sty
Package: array 2016/10/06 v2.4d Tabular extension package (FMi)
\col@sep=\dimen111
\extrarowheight=\dimen112
\NC@list=\toks16
\extratabsurround=\skip53
\backup@length=\skip54
)
\TX@col@width=\dimen113
\TX@old@table=\dimen114
\TX@old@col=\dimen115
\TX@target=\dimen116
\TX@delta=\dimen117
\TX@cols=\count98
\TX@ftn=\toks17
)
(/usr/share/texlive/texmf-dist/tex/latex/setspace/setspace.sty
Package: setspace 2011/12/19 v6.7a set line spacing
)
\CBox=\box27
 (./informe.aux)
\openout1 = `informe.aux'.

LaTeX Font Info:    Checking defaults for OML/cmm/m/it on input line 29.
LaTeX Font Info:    ... okay on input line 29.
LaTeX Font Info:    Checking defaults for T1/cmr/m/n on input line 29.
LaTeX Font Info:    ... okay on input line 29.
LaTeX Font Info:    Checking defaults for OT1/cmr/m/n on input line 29.
LaTeX Font Info:    ... okay on input line 29.
LaTeX Font Info:    Checking defaults for OMS/cmsy/m/n on input line 29.
LaTeX Font Info:    ... okay on input line 29.
LaTeX Font Info:    Checking defaults for OMX/cmex/m/n on input line 29.
LaTeX Font Info:    ... okay on input line 29.
LaTeX Font Info:    Checking defaults for U/cmr/m/n on input line 29.
LaTeX Font Info:    ... okay on input line 29.
LaTeX Font Info:    Checking defaults for PD1/pdf/m/n on input line 29.
LaTeX Font Info:    ... okay on input line 29.
(/usr/share/texlive/texmf-dist/tex/context/base/mkii/supp-pdf.mkii
[Loading MPS to PDF converter (version 2006.09.02).]
\scratchcounter=\count99
\scratchdimen=\dimen118
\scratchbox=\box28
\nofMPsegments=\count100
\nofMParguments=\count101
\everyMPshowfont=\toks18
\MPscratchCnt=\count102
\MPscratchDim=\dimen119
\MPnumerator=\count103
\makeMPintoPDFobject=\count104
\everyMPtoPDFconversion=\toks19
) (/usr/share/texlive/texmf-dist/tex/latex/oberdiek/epstopdf-base.sty
Package: epstopdf-base 2016/05/15 v2.6 Base part for package epstopdf

(/usr/share/texlive/texmf-dist/tex/latex/oberdiek/grfext.sty
Package: grfext 2016/05/16 v1.2 Manage graphics extensions (HO)
)
Package epstopdf-base Info: Redefining graphics rule for `.eps' on input line 4
38.
Package grfext Info: Graphics extension search list:
(grfext)             [.pdf,.png,.jpg,.mps,.jpeg,.jbig2,.jb2,.PDF,.PNG,.JPG,.JPE
G,.JBIG2,.JB2,.eps]
(grfext)             \AppendGraphicsExtensions on input line 456.

(/usr/share/texlive/texmf-dist/tex/latex/latexconfig/epstopdf-sys.cfg
File: epstopdf-sys.cfg 2010/07/13 v1.3 Configuration of (r)epstopdf for TeX Liv
e
))
\AtBeginShipoutBox=\box29
Package hyperref Info: Link coloring OFF on input line 29.

(/usr/share/texlive/texmf-dist/tex/latex/hyperref/nameref.sty
Package: nameref 2016/05/21 v2.44 Cross-referencing by name of section

(/usr/share/texlive/texmf-dist/tex/generic/oberdiek/gettitlestring.sty
Package: gettitlestring 2016/05/16 v1.5 Cleanup title references (HO)
)
\c@section@level=\count105
)
LaTeX Info: Redefining \ref on input line 29.
LaTeX Info: Redefining \pageref on input line 29.
LaTeX Info: Redefining \nameref on input line 29.

(./informe.out) (./informe.out)
\@outlinefile=\write3
\openout3 = `informe.out'.

 [1

{/var/lib/texmf/fonts/map/pdftex/updmap/pdftex.map}]
LaTeX Font Info:    External font `cmex10' loaded for size
(Font)              <7> on input line 62.
LaTeX Font Info:    External font `cmex10' loaded for size
(Font)              <5> on input line 62.

Overfull \hbox (5.848pt too wide) in paragraph at lines 60--63
[]$\OT1/cmtt/m/n/10 https : / / data . buenosaires . gob . ar / dataset / estac
iones-[]bicicletas-[]publicas$[]\OT1/cmr/m/n/10.95 . 
 []

LaTeX Font Info:    Try loading font information for OMS+cmr on input line 72.
(/usr/share/texlive/texmf-dist/tex/latex/base/omscmr.fd
File: omscmr.fd 2014/09/29 v2.5h Standard LaTeX font definitions
)
LaTeX Font Info:    Font shape `OMS/cmr/m/n' in size <10.95> not available
(Font)              Font shape `OMS/cmsy/m/n' tried instead on input line 72.


Package Fancyhdr Warning: \headheight is too small (12.0pt): 
 Make it at least 13.59999pt.
 We now make it that large for the rest of the document.
 This may cause the page layout to be inconsistent, however.

pdfTeX warning (ext4): destination with the same identifier (name{page.1}) has 
been already used, duplicate ignored
<to be read again> 
                   \relax 
l.74     \item E
                dad de usuario (representada en a\~{n}os). [1] [2]
<PieChartGenero.png, id=62, 551.81157pt x 277.035pt>
File: PieChartGenero.png Graphic file (type png)
<use PieChartGenero.png>
Package pdftex.def Info: PieChartGenero.png  used on input line 127.
(pdftex.def)             Requested size: 496.62582pt x 249.3292pt.

Overfull \hbox (65.49394pt too wide) in paragraph at lines 127--129
[] []
 []

Missing character: There is no Ã in font cmr10!
Missing character: There is no ¡ in font cmr10!
Missing character: There is no Ã in font cmr10!
Missing character: There is no © in font cmr10!
[3 <./PieChartGenero.png (PNG copy)>]
Overfull \hbox (11.0204pt too wide) in paragraph at lines 184--187
[]\OT1/cmr/m/n/10.95 Manteniendo esta sep-a-raci^^Son en in-ter-va-los se puede
 vi-su-alizar m^^Sas c^^Somodamente
 []

<HistEdad.png, id=67, 439.6425pt x 361.35pt>
File: HistEdad.png Graphic file (type png)
<use HistEdad.png>
Package pdftex.def Info: HistEdad.png  used on input line 188.
(pdftex.def)             Requested size: 307.74765pt x 252.94327pt.
[4]
Missing character: There is no Ã in font cmr10!
Missing character: There is no ± in font cmr10!
<PoligFrecEdad.png, id=73, 484.05844pt x 361.35pt>
File: PoligFrecEdad.png Graphic file (type png)
<use PoligFrecEdad.png>
Package pdftex.def Info: PoligFrecEdad.png  used on input line 193.
(pdftex.def)             Requested size: 266.23296pt x 198.74312pt.
<PoligAcumEdad.png, id=74, 484.05844pt x 361.35pt>
File: PoligAcumEdad.png Graphic file (type png)
<use PoligAcumEdad.png>
Package pdftex.def Info: PoligAcumEdad.png  used on input line 200.
(pdftex.def)             Requested size: 266.23296pt x 198.74312pt.
 [5 <./HistEdad.png (PNG copy)> <./PoligFrecEdad.png>]
Overfull \hbox (1.07416pt too wide) in paragraph at lines 219--220
[]\OT1/cmr/m/n/10.95 La vari-able D^^S^^Pa de recor-rido cuenta con 7 cat-e-gor
^^S^^Pas: Domingo, Lunes, Martes,
 []

[6 <./PoligAcumEdad.png>]
<BarPlotDia.png, id=86, 539.76656pt x 361.35pt>
File: BarPlotDia.png Graphic file (type png)
<use BarPlotDia.png>
Package pdftex.def Info: BarPlotDia.png  used on input line 252.
(pdftex.def)             Requested size: 350.8441pt x 234.87471pt.

Overfull \hbox (5.07056pt too wide) in paragraph at lines 252--253
[] [] 
 []

[7]
Overfull \hbox (2.80634pt too wide) in paragraph at lines 258--260
[]$\OT1/cmtt/m/n/10 https : / / data . buenosaires . gob . ar / dataset / estac
iones-[]bicicletas-[]publicas$[] 
 []

[8 <./BarPlotDia.png (PNG copy)>]
Missing character: There is no Ã in font cmr12!
Missing character: There is no ± in font cmr12!
Missing character: There is no Ã in font cmr12!
Missing character: There is no ± in font cmr12!
Missing character: There is no Ã in font cmr12!
Missing character: There is no ± in font cmr12!
Missing character: There is no Ã in font cmr12!
Missing character: There is no ± in font cmr12!
Missing character: There is no Ã in font cmr12!
Missing character: There is no ± in font cmr12!
Missing character: There is no Ã in font cmr12!
Missing character: There is no ± in font cmr12!
Missing character: There is no Ã in font cmr12!
Missing character: There is no ± in font cmr12!
Missing character: There is no Ã in font cmr12!
Missing character: There is no ± in font cmr12!

Underfull \hbox (badness 10000) in alignment at lines 294--294
[][][] 
 []

[9]
<ParettoOrigen.png, id=100, 398.99063pt x 361.35pt>
File: ParettoOrigen.png Graphic file (type png)
<use ParettoOrigen.png>
Package pdftex.def Info: ParettoOrigen.png  used on input line 309.
(pdftex.def)             Requested size: 279.29153pt x 252.94327pt.

Overfull \hbox (2.80634pt too wide) in paragraph at lines 315--317
[]$\OT1/cmtt/m/n/10 https : / / data . buenosaires . gob . ar / dataset / estac
iones-[]bicicletas-[]publicas$[] 
 []

[10 <./ParettoOrigen.png (PNG copy)>]
Underfull \hbox (badness 10000) in alignment at lines 351--351
[][][] 
 []

[11]
<ParettoDest.png, id=110, 456.95718pt x 361.35pt>
File: ParettoDest.png Graphic file (type png)
<use ParettoDest.png>
Package pdftex.def Info: ParettoDest.png  used on input line 366.
(pdftex.def)             Requested size: 319.86784pt x 252.94327pt.
 [12 <./ParettoDest.png (PNG copy)>] [13]
<BoxPlotDist.png, id=120, 470.50781pt x 361.35pt>
File: BoxPlotDist.png Graphic file (type png)
<use BoxPlotDist.png>
Package pdftex.def Info: BoxPlotDist.png  used on input line 435.
(pdftex.def)             Requested size: 329.35321pt x 252.94327pt.
 [14 <./BoxPlotDist.png (PNG copy)>]
<HistDuracion.png, id=125, 433.62pt x 361.35pt>
File: HistDuracion.png Graphic file (type png)
<use HistDuracion.png>
Package pdftex.def Info: HistDuracion.png  used on input line 507.
(pdftex.def)             Requested size: 303.53192pt x 252.94327pt.
 [15]
Missing character: There is no Ã in font cmr10!
Missing character: There is no ± in font cmr10!
<PoligFrecDuracion.png, id=130, 532.99126pt x 361.35pt>
File: PoligFrecDuracion.png Graphic file (type png)
<use PoligFrecDuracion.png>
Package pdftex.def Info: PoligFrecDuracion.png  used on input line 513.
(pdftex.def)             Requested size: 293.1461pt x 198.74312pt.
 [16 <./HistDuracion.png (PNG copy)> <./PoligFrecDuracion.png>]
<PoligAcumDuracion.png, id=136, 532.99126pt x 361.35pt>
File: PoligAcumDuracion.png Graphic file (type png)
<use PoligAcumDuracion.png>
Package pdftex.def Info: PoligAcumDuracion.png  used on input line 520.
(pdftex.def)             Requested size: 293.1461pt x 198.74312pt.
 [17 <./PoligAcumDuracion.png>]
Package atveryend Info: Empty hook `BeforeClearDocument' on input line 546.
 [18]
Package atveryend Info: Empty hook `AfterLastShipout' on input line 546.
 (./informe.aux)
Package atveryend Info: Executing hook `AtVeryEndDocument' on input line 546.
Package atveryend Info: Executing hook `AtEndAfterFileList' on input line 546.


Package rerunfilecheck Warning: File `informe.out' has changed.
(rerunfilecheck)                Rerun to get outlines right
(rerunfilecheck)                or use package `bookmark'.

Package rerunfilecheck Info: Checksums for `informe.out':
(rerunfilecheck)             Before: 91A22C08040130EF955C526F9A2CBDB6;674
(rerunfilecheck)             After:  7368E73832D2361C149702938B87A67F;836.
Package atveryend Info: Empty hook `AtVeryVeryEnd' on input line 546.
 ) 
Here is how much of TeX's memory you used:
 5461 strings out of 494861
 80601 string characters out of 6178805
 173619 words of memory out of 5000000
 8713 multiletter control sequences out of 15000+600000
 9294 words of font info for 33 fonts, out of 8000000 for 9000
 40 hyphenation exceptions out of 8191
 28i,12n,43p,302b,456s stack positions out of 5000i,500n,10000p,200000b,80000s
</usr/share/texlive/texmf-dist/fonts/type1/public/amsfonts/cm/cmbx10.pfb></us
r/share/texlive/texmf-dist/fonts/type1/public/amsfonts/cm/cmbx12.pfb></usr/shar
e/texlive/texmf-dist/fonts/type1/public/amsfonts/cm/cmr10.pfb></usr/share/texli
ve/texmf-dist/fonts/type1/public/amsfonts/cm/cmr12.pfb></usr/share/texlive/texm
f-dist/fonts/type1/public/amsfonts/cm/cmsy10.pfb></usr/share/texlive/texmf-dist
/fonts/type1/public/amsfonts/cm/cmtt10.pfb>
Output written on informe.pdf (19 pages, 321990 bytes).
PDF statistics:
 180 PDF objects out of 1000 (max. 8388607)
 136 compressed objects within 2 object streams
 31 named destinations out of 1000 (max. 500000)
 136 words of extra memory for PDF output out of 10000 (max. 10000000)

