This is pdfTeX, Version 3.14159265-2.6-1.40.18 (TeX Live 2017/Debian) (preloaded format=pdflatex 2020.9.8)  8 MAY 2021 17:54
entering extended mode
 restricted \write18 enabled.
 %&-line parsing enabled.
**tablitas.tex
(./tablitas.tex
LaTeX2e <2017-04-15>
Babel <3.18> and hyphenation patterns for 6 language(s) loaded.
(/usr/share/texlive/texmf-dist/tex/latex/base/article.cls
Document Class: article 2014/09/29 v1.4h Standard LaTeX document class
(/usr/share/texlive/texmf-dist/tex/latex/base/size10.clo
File: size10.clo 2014/09/29 v1.4h Standard LaTeX file (size option)
)
\c@part=\count79
\c@section=\count80
\c@subsection=\count81
\c@subsubsection=\count82
\c@paragraph=\count83
\c@subparagraph=\count84
\c@figure=\count85
\c@table=\count86
\abovecaptionskip=\skip41
\belowcaptionskip=\skip42
\bibindent=\dimen102
)
(/usr/share/texlive/texmf-dist/tex/latex/tools/tabularx.sty
Package: tabularx 2016/02/03 v2.11 `tabularx' package (DPC)

(/usr/share/texlive/texmf-dist/tex/latex/tools/array.sty
Package: array 2016/10/06 v2.4d Tabular extension package (FMi)
\col@sep=\dimen103
\extrarowheight=\dimen104
\NC@list=\toks14
\extratabsurround=\skip43
\backup@length=\skip44
)
\TX@col@width=\dimen105
\TX@old@table=\dimen106
\TX@old@col=\dimen107
\TX@target=\dimen108
\TX@delta=\dimen109
\TX@cols=\count87
\TX@ftn=\toks15
)

LaTeX Warning: Unused global option(s):
    [8pt].

(./tablitas.aux)
\openout1 = `tablitas.aux'.

LaTeX Font Info:    Checking defaults for OML/cmm/m/it on input line 4.
LaTeX Font Info:    ... okay on input line 4.
LaTeX Font Info:    Checking defaults for T1/cmr/m/n on input line 4.
LaTeX Font Info:    ... okay on input line 4.
LaTeX Font Info:    Checking defaults for OT1/cmr/m/n on input line 4.
LaTeX Font Info:    ... okay on input line 4.
LaTeX Font Info:    Checking defaults for OMS/cmsy/m/n on input line 4.
LaTeX Font Info:    ... okay on input line 4.
LaTeX Font Info:    Checking defaults for OMX/cmex/m/n on input line 4.
LaTeX Font Info:    ... okay on input line 4.
LaTeX Font Info:    Checking defaults for U/cmr/m/n on input line 4.
LaTeX Font Info:    ... okay on input line 4.


! LaTeX Error: Environment adjustbox undefined.

See the LaTeX manual or LaTeX Companion for explanation.
Type  H <return>  for immediate help.
 ...                                              
                                                  
l.29     \begin{adjustbox}
                          {width=1\textwidth}
? h
Your command was ignored.
Type  I <command> <return>  to replace it with another command,
or  <return>  to continue without it.
? H
Sorry, I already gave what help I could...
Maybe you should try asking a human?
An error might have occurred before I noticed any problems.
``If all else fails, read the instructions.''

? q
OK, entering \batchmode...
! Missing number, treated as zero.
<to be read again> 
                   }
l.29     \begin{adjustbox}{width=1\textwidth}
                                             
A number should have been here; I inserted `0'.
(If you can't figure out why I needed to see a number,
look up `weird error' in the index to The TeXbook.)

! Illegal unit of measure (pt inserted).
<to be read again> 
                   }
l.29     \begin{adjustbox}{width=1\textwidth}
                                             
Dimensions can be in units of em, ex, in, pt, pc,
cm, mm, dd, cc, nd, nc, bp, or sp; but yours is a new one!
I'll assume that you meant to say pt, for printer's points.
To recover gracefully from this error, it's best to
delete the erroneous units; e.g., type `2' to delete
two letters. (See Chapter 27 of The TeXbook.)

! Undefined control sequence.
<inserted text> ...rraybackslash }X |} \resizebox 
                                                  {\textwidth }{!} \hline - ...
l.52         \end{tabularx}
                           
The control sequence at the end of the top line
of your error message was never \def'ed. If you have
misspelled it (e.g., `\hobx'), type `I' and the correct
spelling (e.g., `I\hbox'). Otherwise just continue,
and I'll forget about whatever was undefined.

! Missing number, treated as zero.
<to be read again> 
                   }
l.52         \end{tabularx}
                           
A number should have been here; I inserted `0'.
(If you can't figure out why I needed to see a number,
look up `weird error' in the index to The TeXbook.)

! Illegal unit of measure (pt inserted).
<to be read again> 
                   }
l.52         \end{tabularx}
                           
Dimensions can be in units of em, ex, in, pt, pc,
cm, mm, dd, cc, nd, nc, bp, or sp; but yours is a new one!
I'll assume that you meant to say pt, for printer's points.
To recover gracefully from this error, it's best to
delete the erroneous units; e.g., type `2' to delete
two letters. (See Chapter 27 of The TeXbook.)

! Misplaced \noalign.
\hline ->\noalign 
                  {\ifnum 0=`}\fi \hrule \@height \arrayrulewidth \futurelet...
l.52         \end{tabularx}
                           
I expect to see \noalign only after the \cr of
an alignment. Proceed, and I'll ignore this case.

! Undefined control sequence.
<inserted text> ...rraybackslash }X |} \resizebox 
                                                  {\textwidth }{!} \hline - ...
l.52         \end{tabularx}
                           
The control sequence at the end of the top line
of your error message was never \def'ed. If you have
misspelled it (e.g., `\hobx'), type `I' and the correct
spelling (e.g., `I\hbox'). Otherwise just continue,
and I'll forget about whatever was undefined.

! Missing number, treated as zero.
<to be read again> 
                   }
l.52         \end{tabularx}
                           
A number should have been here; I inserted `0'.
(If you can't figure out why I needed to see a number,
look up `weird error' in the index to The TeXbook.)

! Illegal unit of measure (pt inserted).
<to be read again> 
                   }
l.52         \end{tabularx}
                           
Dimensions can be in units of em, ex, in, pt, pc,
cm, mm, dd, cc, nd, nc, bp, or sp; but yours is a new one!
I'll assume that you meant to say pt, for printer's points.
To recover gracefully from this error, it's best to
delete the erroneous units; e.g., type `2' to delete
two letters. (See Chapter 27 of The TeXbook.)

! Misplaced \noalign.
\hline ->\noalign 
                  {\ifnum 0=`}\fi \hrule \@height \arrayrulewidth \futurelet...
l.52         \end{tabularx}
                           
I expect to see \noalign only after the \cr of
an alignment. Proceed, and I'll ignore this case.

! Undefined control sequence.
<inserted text> ...rraybackslash }X |} \resizebox 
                                                  {\textwidth }{!} \hline - ...
l.52         \end{tabularx}
                           
The control sequence at the end of the top line
of your error message was never \def'ed. If you have
misspelled it (e.g., `\hobx'), type `I' and the correct
spelling (e.g., `I\hbox'). Otherwise just continue,
and I'll forget about whatever was undefined.

! Missing number, treated as zero.
<to be read again> 
                   }
l.52         \end{tabularx}
                           
A number should have been here; I inserted `0'.
(If you can't figure out why I needed to see a number,
look up `weird error' in the index to The TeXbook.)

! Illegal unit of measure (pt inserted).
<to be read again> 
                   }
l.52         \end{tabularx}
                           
Dimensions can be in units of em, ex, in, pt, pc,
cm, mm, dd, cc, nd, nc, bp, or sp; but yours is a new one!
I'll assume that you meant to say pt, for printer's points.
To recover gracefully from this error, it's best to
delete the erroneous units; e.g., type `2' to delete
two letters. (See Chapter 27 of The TeXbook.)

! Misplaced \noalign.
\hline ->\noalign 
                  {\ifnum 0=`}\fi \hrule \@height \arrayrulewidth \futurelet...
l.52         \end{tabularx}
                           
I expect to see \noalign only after the \cr of
an alignment. Proceed, and I'll ignore this case.

! Undefined control sequence.
<inserted text> ...rraybackslash }X |} \resizebox 
                                                  {\textwidth }{!} \hline - ...
l.52         \end{tabularx}
                           
The control sequence at the end of the top line
of your error message was never \def'ed. If you have
misspelled it (e.g., `\hobx'), type `I' and the correct
spelling (e.g., `I\hbox'). Otherwise just continue,
and I'll forget about whatever was undefined.

! Missing number, treated as zero.
<to be read again> 
                   }
l.52         \end{tabularx}
                           
A number should have been here; I inserted `0'.
(If you can't figure out why I needed to see a number,
look up `weird error' in the index to The TeXbook.)

! Illegal unit of measure (pt inserted).
<to be read again> 
                   }
l.52         \end{tabularx}
                           
Dimensions can be in units of em, ex, in, pt, pc,
cm, mm, dd, cc, nd, nc, bp, or sp; but yours is a new one!
I'll assume that you meant to say pt, for printer's points.
To recover gracefully from this error, it's best to
delete the erroneous units; e.g., type `2' to delete
two letters. (See Chapter 27 of The TeXbook.)

! Misplaced \noalign.
\hline ->\noalign 
                  {\ifnum 0=`}\fi \hrule \@height \arrayrulewidth \futurelet...
l.52         \end{tabularx}
                           
I expect to see \noalign only after the \cr of
an alignment. Proceed, and I'll ignore this case.


Overfull \hbox (12.03761pt too wide) in paragraph at lines 52--52
 []|\OT1/cmr/m/n/9 (2,12]|
 []


Overfull \hbox (16.66258pt too wide) in paragraph at lines 52--52
 []|\OT1/cmr/m/n/9 (12,22]|
 []


Overfull \hbox (16.66258pt too wide) in paragraph at lines 52--52
 []|\OT1/cmr/m/n/9 (22,32]|
 []


Overfull \hbox (16.66258pt too wide) in paragraph at lines 52--52
 []|\OT1/cmr/m/n/9 (32,42]|
 []


Overfull \hbox (16.66258pt too wide) in paragraph at lines 52--52
 []|\OT1/cmr/m/n/9 (42,52]|
 []


Overfull \hbox (16.66258pt too wide) in paragraph at lines 52--52
 []|\OT1/cmr/m/n/9 (52,62]|
 []


Overfull \hbox (16.66258pt too wide) in paragraph at lines 52--52
 []|\OT1/cmr/m/n/9 (62,72]|
 []


Overfull \hbox (16.66258pt too wide) in paragraph at lines 52--52
 []|\OT1/cmr/m/n/9 (72,82]|
 []


Overfull \hbox (16.66258pt too wide) in paragraph at lines 52--52
 []|\OT1/cmr/m/n/9 (82,92]|
 []


Overfull \hbox (21.28755pt too wide) in paragraph at lines 52--52
 []|\OT1/cmr/m/n/9 (92,102]|
 []


Overfull \hbox (25.91252pt too wide) in paragraph at lines 52--52
 []|\OT1/cmr/m/n/9 (102,112]|
 []


Overfull \hbox (25.91252pt too wide) in paragraph at lines 52--52
 []|\OT1/cmr/m/n/9 (112,122]|
 []


Overfull \hbox (25.91252pt too wide) in paragraph at lines 52--52
 []|\OT1/cmr/m/n/9 (122,132]|
 []


Overfull \hbox (25.91252pt too wide) in paragraph at lines 52--52
 []|\OT1/cmr/m/n/9 (132,485]|
 []


! LaTeX Error: \begin{table} on input line 28 ended by \end{adjustbox}.

See the LaTeX manual or LaTeX Companion for explanation.
Type  H <return>  for immediate help.
 ...                                              
                                                  
l.53     \end{adjustbox}
                        
Your command was ignored.
Type  I <command> <return>  to replace it with another command,
or  <return>  to continue without it.


Overfull \hbox (40.00009pt too wide) in paragraph at lines 29--54
[]\OT1/cmr/m/n/10 width=1 []
 []


Underfull \hbox (badness 10000) in paragraph at lines 29--54

 []

Missing character: There is no Ã in font cmr12!
Missing character: There is no ± in font cmr12!
Missing character: There is no Ã in font cmr12!
Missing character: There is no ± in font cmr12!
Missing character: There is no Ã in font cmr12!
Missing character: There is no ± in font cmr12!
Missing character: There is no Ã in font cmr12!
Missing character: There is no ± in font cmr12!
Missing character: There is no Ã in font cmr12!
Missing character: There is no ± in font cmr12!
Missing character: There is no Ã in font cmr12!
Missing character: There is no ± in font cmr12!
Missing character: There is no Ã in font cmr12!
Missing character: There is no ± in font cmr12!
Missing character: There is no Ã in font cmr12!
Missing character: There is no ± in font cmr12!
 [1{/var/lib/texmf/fonts/map/pdftex/updmap/pdftex.map}

] [2] (./tablitas.aux) ) 
Here is how much of TeX's memory you used:
 331 strings out of 494861
 3673 string characters out of 6178805
 64617 words of memory out of 5000000
 3723 multiletter control sequences out of 15000+600000
 7288 words of font info for 26 fonts, out of 8000000 for 9000
 40 hyphenation exceptions out of 8191
 23i,10n,17p,175b,305s stack positions out of 5000i,500n,10000p,200000b,80000s
</usr/share/texlive/texmf-dist/fonts/type1/public/amsfo
nts/cm/cmr10.pfb></usr/share/texlive/texmf-dist/fonts/type1/public/amsfonts/cm/
cmr12.pfb></usr/share/texlive/texmf-dist/fonts/type1/public/amsfonts/cm/cmr9.pf
b>
Output written on tablitas.pdf (2 pages, 45309 bytes).
PDF statistics:
 23 PDF objects out of 1000 (max. 8388607)
 15 compressed objects within 1 object stream
 0 named destinations out of 1000 (max. 500000)
 1 words of extra memory for PDF output out of 10000 (max. 10000000)

